# JRE version: Java(TM) SE Runtime Environment (8.0_231-b11) (build 1.8.0_231-b11)
# Java VM: Java HotSpot(TM) 64-Bit Server VM (25.231-b11 mixed mode windows-amd64 compressed oops)
Heap:
 PSYoungGen      total 132608K, used 25219K [0x00000000d7980000, 0x00000000e6900000, 0x0000000100000000)
  eden space 121856K, 20% used [0x00000000d7980000,0x00000000d9220f58,0x00000000df080000)
  from space 10752K, 0% used [0x00000000df080000,0x00000000df080000,0x00000000dfb00000)
  to   space 12800K, 0% used [0x00000000e5c80000,0x00000000e5c80000,0x00000000e6900000)
 ParOldGen       total 74240K, used 18553K [0x0000000086c00000, 0x000000008b480000, 0x00000000d7980000)
  object space 74240K, 24% used [0x0000000086c00000,0x0000000087e1e6a0,0x000000008b480000)
 Metaspace       used 37770K, capacity 38310K, committed 38696K, reserved 1083392K
  class space    used 5121K, capacity 5319K, committed 5416K, reserved 1048576K
GC Heap History (10 events):
Event: 5.833 GC heap before
{Heap before GC invocations=5 (full 0):
 PSYoungGen      total 67584K, used 32347K [0x00000000d7980000, 0x00000000dc080000, 0x0000000100000000)
  eden space 62464K, 43% used [0x00000000d7980000,0x00000000d941cf90,0x00000000db680000)
  from space 5120K, 99% used [0x00000000dbb80000,0x00000000dc07a040,0x00000000dc080000)
  to   space 5120K, 0% used [0x00000000db680000,0x00000000db680000,0x00000000dbb80000)
 ParOldGen       total 83456K, used 5049K [0x0000000086c00000, 0x000000008bd80000, 0x00000000d7980000)
  object space 83456K, 6% used [0x0000000086c00000,0x00000000870ee498,0x000000008bd80000)
 Metaspace       used 20803K, capacity 21170K, committed 21296K, reserved 1067008K
  class space    used 2966K, capacity 3111K, committed 3120K, reserved 1048576K
Event: 5.845 GC heap after
Heap after GC invocations=5 (full 0):
 PSYoungGen      total 67584K, used 5116K [0x00000000d7980000, 0x00000000e0880000, 0x0000000100000000)
  eden space 62464K, 0% used [0x00000000d7980000,0x00000000d7980000,0x00000000db680000)
  from space 5120K, 99% used [0x00000000db680000,0x00000000dbb7f080,0x00000000dbb80000)
  to   space 10752K, 0% used [0x00000000dfe00000,0x00000000dfe00000,0x00000000e0880000)
 ParOldGen       total 83456K, used 9375K [0x0000000086c00000, 0x000000008bd80000, 0x00000000d7980000)
  object space 83456K, 11% used [0x0000000086c00000,0x0000000087527ec8,0x000000008bd80000)
 Metaspace       used 20803K, capacity 21170K, committed 21296K, reserved 1067008K
  class space    used 2966K, capacity 3111K, committed 3120K, reserved 1048576K
}
Event: 5.846 GC heap before
{Heap before GC invocations=6 (full 1):
 PSYoungGen      total 67584K, used 5116K [0x00000000d7980000, 0x00000000e0880000, 0x0000000100000000)
  eden space 62464K, 0% used [0x00000000d7980000,0x00000000d7980000,0x00000000db680000)
  from space 5120K, 99% used [0x00000000db680000,0x00000000dbb7f080,0x00000000dbb80000)
  to   space 10752K, 0% used [0x00000000dfe00000,0x00000000dfe00000,0x00000000e0880000)
 ParOldGen       total 83456K, used 9375K [0x0000000086c00000, 0x000000008bd80000, 0x00000000d7980000)
  object space 83456K, 11% used [0x0000000086c00000,0x0000000087527ec8,0x000000008bd80000)
 Metaspace       used 20803K, capacity 21170K, committed 21296K, reserved 1067008K
  class space    used 2966K, capacity 3111K, committed 3120K, reserved 1048576K
Event: 5.909 GC heap after
Heap after GC invocations=6 (full 1):
 PSYoungGen      total 67584K, used 0K [0x00000000d7980000, 0x00000000e0880000, 0x0000000100000000)
  eden space 62464K, 0% used [0x00000000d7980000,0x00000000d7980000,0x00000000db680000)
  from space 5120K, 0% used [0x00000000db680000,0x00000000db680000,0x00000000dbb80000)
  to   space 10752K, 0% used [0x00000000dfe00000,0x00000000dfe00000,0x00000000e0880000)
 ParOldGen       total 58880K, used 9396K [0x0000000086c00000, 0x000000008a580000, 0x00000000d7980000)
  object space 58880K, 15% used [0x0000000086c00000,0x000000008752d180,0x000000008a580000)
 Metaspace       used 20803K, capacity 21170K, committed 21296K, reserved 1067008K
  class space    used 2966K, capacity 3111K, committed 3120K, reserved 1048576K
}
Event: 7.051 GC heap before
{Heap before GC invocations=7 (full 1):
 PSYoungGen      total 67584K, used 62464K [0x00000000d7980000, 0x00000000e0880000, 0x0000000100000000)
  eden space 62464K, 100% used [0x00000000d7980000,0x00000000db680000,0x00000000db680000)
  from space 5120K, 0% used [0x00000000db680000,0x00000000db680000,0x00000000dbb80000)
  to   space 10752K, 0% used [0x00000000dfe00000,0x00000000dfe00000,0x00000000e0880000)
 ParOldGen       total 58880K, used 9396K [0x0000000086c00000, 0x000000008a580000, 0x00000000d7980000)
  object space 58880K, 15% used [0x0000000086c00000,0x000000008752d180,0x000000008a580000)
 Metaspace       used 27890K, capacity 28214K, committed 28592K, reserved 1073152K
  class space    used 3784K, capacity 3900K, committed 4016K, reserved 1048576K
Event: 7.530 GC heap after
Heap after GC invocations=7 (full 1):
 PSYoungGen      total 125952K, used 7614K [0x00000000d7980000, 0x00000000e0580000, 0x0000000100000000)
  eden space 118272K, 0% used [0x00000000d7980000,0x00000000d7980000,0x00000000ded00000)
  from space 7680K, 99% used [0x00000000dfe00000,0x00000000e056f920,0x00000000e0580000)
  to   space 10752K, 0% used [0x00000000df080000,0x00000000df080000,0x00000000dfb00000)
 ParOldGen       total 58880K, used 9396K [0x0000000086c00000, 0x000000008a580000, 0x00000000d7980000)
  object space 58880K, 15% used [0x0000000086c00000,0x000000008752d180,0x000000008a580000)
 Metaspace       used 27890K, capacity 28214K, committed 28592K, reserved 1073152K
  class space    used 3784K, capacity 3900K, committed 4016K, reserved 1048576K
}
Event: 11.872 GC heap before
{Heap before GC invocations=8 (full 1):
 PSYoungGen      total 125952K, used 94299K [0x00000000d7980000, 0x00000000e0580000, 0x0000000100000000)
  eden space 118272K, 73% used [0x00000000d7980000,0x00000000dce27648,0x00000000ded00000)
  from space 7680K, 99% used [0x00000000dfe00000,0x00000000e056f920,0x00000000e0580000)
  to   space 10752K, 0% used [0x00000000df080000,0x00000000df080000,0x00000000dfb00000)
 ParOldGen       total 58880K, used 9396K [0x0000000086c00000, 0x000000008a580000, 0x00000000d7980000)
  object space 58880K, 15% used [0x0000000086c00000,0x000000008752d180,0x000000008a580000)
 Metaspace       used 34774K, capacity 35208K, committed 35496K, reserved 1079296K
  class space    used 4762K, capacity 4926K, committed 5032K, reserved 1048576K
Event: 11.887 GC heap after
Heap after GC invocations=8 (full 1):
 PSYoungGen      total 132608K, used 10748K [0x00000000d7980000, 0x00000000e6900000, 0x0000000100000000)
  eden space 121856K, 0% used [0x00000000d7980000,0x00000000d7980000,0x00000000df080000)
  from space 10752K, 99% used [0x00000000df080000,0x00000000dfaff1f0,0x00000000dfb00000)
  to   space 12800K, 0% used [0x00000000e5c80000,0x00000000e5c80000,0x00000000e6900000)
 ParOldGen       total 58880K, used 10373K [0x0000000086c00000, 0x000000008a580000, 0x00000000d7980000)
  object space 58880K, 17% used [0x0000000086c00000,0x0000000087621440,0x000000008a580000)
 Metaspace       used 34774K, capacity 35208K, committed 35496K, reserved 1079296K
  class space    used 4762K, capacity 4926K, committed 5032K, reserved 1048576K
}
Event: 11.887 GC heap before
{Heap before GC invocations=9 (full 2):
 PSYoungGen      total 132608K, used 10748K [0x00000000d7980000, 0x00000000e6900000, 0x0000000100000000)
  eden space 121856K, 0% used [0x00000000d7980000,0x00000000d7980000,0x00000000df080000)
  from space 10752K, 99% used [0x00000000df080000,0x00000000dfaff1f0,0x00000000dfb00000)
  to   space 12800K, 0% used [0x00000000e5c80000,0x00000000e5c80000,0x00000000e6900000)
 ParOldGen       total 58880K, used 10373K [0x0000000086c00000, 0x000000008a580000, 0x00000000d7980000)
  object space 58880K, 17% used [0x0000000086c00000,0x0000000087621440,0x000000008a580000)
 Metaspace       used 34774K, capacity 35208K, committed 35496K, reserved 1079296K
  class space    used 4762K, capacity 4926K, committed 5032K, reserved 1048576K
Event: 11.969 GC heap after
Heap after GC invocations=9 (full 2):
 PSYoungGen      total 132608K, used 0K [0x00000000d7980000, 0x00000000e6900000, 0x0000000100000000)
  eden space 121856K, 0% used [0x00000000d7980000,0x00000000d7980000,0x00000000df080000)
  from space 10752K, 0% used [0x00000000df080000,0x00000000df080000,0x00000000dfb00000)
  to   space 12800K, 0% used [0x00000000e5c80000,0x00000000e5c80000,0x00000000e6900000)
 ParOldGen       total 74240K, used 18553K [0x0000000086c00000, 0x000000008b480000, 0x00000000d7980000)
  object space 74240K, 24% used [0x0000000086c00000,0x0000000087e1e6a0,0x000000008b480000)
 Metaspace       used 34757K, capacity 35188K, committed 35496K, reserved 1079296K
  class space    used 4755K, capacity 4918K, committed 5032K, reserved 1048576K
}

